<?xml version="1.0" encoding="UTF-8"?>
<testng-results skipped="0" failed="0" ignored="0" total="2" passed="2">
  <reporter-output>
  </reporter-output>
  <suite name="Surefire suite" duration-ms="392" started-at="2022-05-09T02:03:48 EEST" finished-at="2022-05-09T02:03:49 EEST">
    <groups>
    </groups>
    <test name="Surefire test" duration-ms="392" started-at="2022-05-09T02:03:48 EEST" finished-at="2022-05-09T02:03:49 EEST">
      <class name="TestMethods">
        <test-method status="PASS" signature="setUp()[pri:0, instance:TestMethods@4e517165]" name="setUp" is-config="true" duration-ms="53" started-at="2022-05-09T02:03:48 EEST" finished-at="2022-05-09T02:03:49 EEST">
          <reporter-output>
          </reporter-output>
        </test-method> <!-- setUp -->
        <test-method status="PASS" signature="checkGetSomeNumber()[pri:0, instance:TestMethods@4e517165]" name="checkGetSomeNumber" duration-ms="81" started-at="2022-05-09T02:03:49 EEST" finished-at="2022-05-09T02:03:49 EEST">
          <reporter-output>
          </reporter-output>
        </test-method> <!-- checkGetSomeNumber -->
        <test-method status="PASS" signature="verifyBarkMethod()[pri:0, instance:TestMethods@4e517165]" name="verifyBarkMethod" duration-ms="3" started-at="2022-05-09T02:03:49 EEST" finished-at="2022-05-09T02:03:49 EEST">
          <reporter-output>
          </reporter-output>
        </test-method> <!-- verifyBarkMethod -->
      </class> <!-- TestMethods -->
    </test> <!-- Surefire test -->
  </suite> <!-- Surefire suite -->
</testng-results>
